[2025-12-06 15:03:35,753] [INFO] [data.feature_engineer] Feature engineering...
[2025-12-06 15:03:35,772] [INFO] [data.feature_engineer] Feature engineering DONE.
[2025-12-06 15:04:49,566] [INFO] [data.feature_engineer] Feature engineering...
[2025-12-06 15:04:49,577] [INFO] [data.feature_engineer] Feature engineering DONE.
[2025-12-06 18:32:59,988] [INFO] [data.feature_engineer] Feature engineering...
[2025-12-06 18:32:59,999] [INFO] [data.feature_engineer] Feature engineering DONE.
[2025-12-06 18:46:50,000] [INFO] [data.feature_engineer] Feature engineering...
[2025-12-06 18:46:50,007] [INFO] [data.feature_engineer] Feature engineering DONE.
[2025-12-06 18:48:48,923] [INFO] [data.feature_engineer] Feature engineering...
[2025-12-06 18:48:48,930] [INFO] [data.feature_engineer] Feature engineering DONE.
[2025-12-06 18:50:21,868] [INFO] [data.feature_engineer] Feature engineering...
[2025-12-06 18:50:21,877] [INFO] [data.feature_engineer] Feature engineering DONE.
[2025-12-06 19:22:57,172] [INFO] [data.feature_engineer] Feature engineering...
[2025-12-06 19:22:57,179] [INFO] [data.feature_engineer] Feature engineering DONE.
[2025-12-06 19:36:14,219] [INFO] [data.feature_engineer] Computed stats for ['cpu', 'mem', 'disk_io', 'duration']
[2025-12-06 20:46:05,890] [INFO] [data.feature_engineer] Computed stats for ['cpu', 'mem', 'disk_io', 'duration']
[2025-12-06 20:51:13,570] [INFO] [data.feature_engineer] Computed stats for 1 features
[2025-12-06 21:00:22,899] [INFO] [data.feature_engineer] Computed stats for 10 features
[2025-12-06 21:08:54,596] [INFO] [data.feature_engineer] Computed stats for 10 features
[2025-12-06 21:40:26,629] [INFO] [data.feature_engineer] 计算了 10 个特征的统计信息
[2025-12-06 21:50:41,888] [INFO] [data.feature_engineer] 计算了 10 个特征的统计信息
[2025-12-06 21:54:45,311] [INFO] [data.feature_engineer] 计算了 10 个特征的统计信息
[2025-12-06 22:01:12,531] [INFO] [data.feature_engineer] 计算了 10 个特征的统计信息
[2025-12-06 22:25:57,127] [INFO] [data.feature_engineer] 计算了 10 个特征的统计信息
[2025-12-06 22:35:50,852] [INFO] [data.feature_engineer] 计算了 10 个特征的统计信息
[2025-12-06 22:50:47,371] [INFO] [data.feature_engineer] 计算了 10 个特征的统计信息
[2025-12-06 22:55:46,850] [INFO] [data.feature_engineer] 计算了 10 个特征的统计信息
[2025-12-06 23:03:47,303] [INFO] [data.feature_engineer] 计算了 10 个特征的统计信息
[2025-12-06 23:07:46,272] [INFO] [data.feature_engineer] 计算了 10 个特征的统计信息
[2025-12-06 23:13:00,119] [INFO] [data.feature_engineer] 计算了 10 个特征的统计信息
[2025-12-06 23:16:47,093] [INFO] [data.feature_engineer] 计算了 10 个特征的统计信息
[2025-12-06 23:23:56,278] [INFO] [data.feature_engineer] 计算了 10 个特征的统计信息
[2025-12-06 23:29:24,213] [INFO] [data.feature_engineer] 计算了 10 个特征的统计信息
[2025-12-06 23:36:51,495] [INFO] [data.feature_engineer] 计算了 10 个特征的统计信息
[2025-12-06 23:42:43,477] [INFO] [data.feature_engineer] 计算了 10 个特征的统计信息
[2025-12-06 23:45:11,787] [INFO] [data.feature_engineer] 计算了 10 个特征的统计信息
[2025-12-07 09:15:40,730] [INFO] [data.feature_engineer] 计算了 10 个特征的统计信息
[2025-12-07 09:21:43,791] [INFO] [data.feature_engineer] 计算了 10 个特征的统计信息
[2025-12-07 09:26:54,328] [INFO] [data.feature_engineer] 计算了 10 个特征的统计信息
[2025-12-07 11:55:45,062] [INFO] [data.feature_engineer] 计算了 10 个特征的统计信息
[2025-12-07 13:14:12,529] [INFO] [data.feature_engineer] Calculated 10 stats
[2025-12-07 13:52:35,716] [INFO] [data.feature_engineer] Calculated 10 stats
[2025-12-07 14:05:05,075] [INFO] [data.feature_engineer] Calculated 10 stats
[2025-12-07 14:12:01,783] [INFO] [data.feature_engineer] Calculated 10 stats
[2025-12-07 14:23:08,731] [INFO] [data.feature_engineer] Calculated 10 stats
[2025-12-07 16:05:31,111] [INFO] [data.feature_engineer] Calculated 10 stats
[2025-12-07 16:51:15,168] [INFO] [data.feature_engineer] Calculated 10 stats
[2025-12-07 17:08:11,685] [INFO] [data.feature_engineer] Calculated 10 stats
[2025-12-07 17:15:51,786] [INFO] [data.feature_engineer] Calculated 10 stats
[2025-12-07 18:53:33,320] [INFO] [data.feature_engineer] Calculated 10 stats
[2025-12-08 19:35:10,377] [INFO] [data.feature_engineer] Calculated 10 stats
[2025-12-08 20:18:50,538] [INFO] [data.feature_engineer] Calculated 10 stats
