[2025-12-06 14:46:44,327] [INFO] [data.db_loader] Loading job logs limit=50000 ...
[2025-12-06 14:48:20,751] [INFO] [data.db_loader] Loading job logs limit=50000 ...
[2025-12-06 14:50:25,929] [INFO] [data.db_loader] Loading job logs limit=50000 ...
[2025-12-06 14:55:19,172] [INFO] [data.db_loader] Connecting database: mysql+pymysql://root:123456@localhost:3307/xiyoudata
[2025-12-06 14:55:19,355] [INFO] [data.db_loader] Loading job logs limit=50000 ...
[2025-12-06 15:03:33,874] [INFO] [data.db_loader] Connecting database: mysql+pymysql://root:123456@localhost:3307/xiyoudata
[2025-12-06 15:03:33,984] [INFO] [data.db_loader] Loading task_usage limit=50000 ...
[2025-12-06 15:03:35,752] [INFO] [data.db_loader] Loaded rows = 50000
[2025-12-06 15:04:47,719] [INFO] [data.db_loader] Connecting database: mysql+pymysql://root:123456@localhost:3307/xiyoudata
[2025-12-06 15:04:47,839] [INFO] [data.db_loader] Loading task_usage limit=50000 ...
[2025-12-06 15:04:49,566] [INFO] [data.db_loader] Loaded rows = 50000
[2025-12-06 18:32:57,377] [INFO] [data.db_loader] Connecting database: mysql+pymysql://root:123456@localhost:3307/xiyoudata
[2025-12-06 18:32:57,575] [INFO] [data.db_loader] Loading task_usage limit=50000 ...
[2025-12-06 18:32:59,987] [INFO] [data.db_loader] Loaded rows = 50000
[2025-12-06 18:46:48,704] [INFO] [data.db_loader] Connecting database: mysql+pymysql://root:123456@localhost:3307/xiyoudata
[2025-12-06 18:46:48,804] [INFO] [data.db_loader] Loading task_usage limit=50000 ...
[2025-12-06 18:46:50,000] [INFO] [data.db_loader] Loaded rows = 50000
[2025-12-06 18:48:47,487] [INFO] [data.db_loader] Connecting database: mysql+pymysql://root:123456@localhost:3307/xiyoudata
[2025-12-06 18:48:47,596] [INFO] [data.db_loader] Loading task_usage limit=50000 ...
[2025-12-06 18:48:48,922] [INFO] [data.db_loader] Loaded rows = 50000
[2025-12-06 18:50:20,242] [INFO] [data.db_loader] Connecting database: mysql+pymysql://root:123456@localhost:3307/xiyoudata
[2025-12-06 18:50:20,352] [INFO] [data.db_loader] Loading task_usage limit=50000 ...
[2025-12-06 18:50:21,868] [INFO] [data.db_loader] Loaded rows = 50000
[2025-12-06 19:22:55,818] [INFO] [data.db_loader] Connecting database: mysql+pymysql://root:123456@localhost:3307/xiyoudata
[2025-12-06 19:22:55,935] [INFO] [data.db_loader] Loading task_usage limit=50000 ...
[2025-12-06 19:22:57,172] [INFO] [data.db_loader] Loaded rows = 50000
[2025-12-06 19:36:10,976] [INFO] [data.db_loader] Connecting database: mysql+pymysql://root:123456@localhost:3307/xiyoudata
[2025-12-06 19:36:11,082] [INFO] [data.db_loader] Loading task_usage limit=50000 ...
[2025-12-06 19:36:12,469] [INFO] [data.db_loader] Loaded rows = 50000
[2025-12-06 20:36:26,334] [INFO] [data.db_loader] Connecting database: mysql+pymysql://root:123456@localhost:3307/xiyoudata
[2025-12-06 20:40:23,295] [INFO] [data.db_loader] Connecting database: mysql+pymysql://root:123456@localhost:3307/xiyoudata
[2025-12-06 20:41:21,011] [INFO] [data.db_loader] Connecting database: mysql+pymysql://root:123456@localhost:3307/xiyoudata
[2025-12-06 20:45:40,879] [INFO] [data.db_loader] Connecting database: mysql+pymysql://root:123456@localhost:3307/xiyoudata
[2025-12-06 20:50:52,936] [INFO] [data.db_loader] Connecting database: mysql+pymysql://root:123456@localhost:3307/xiyoudata
[2025-12-06 20:58:02,965] [INFO] [data.db_loader] Connecting database: mysql+pymysql://root:123456@localhost:3307/xiyoudata
[2025-12-06 21:00:02,549] [INFO] [data.db_loader] Connecting database: mysql+pymysql://root:123456@localhost:3307/xiyoudata
[2025-12-06 21:07:48,062] [INFO] [data.db_loader] Connecting database: mysql+pymysql://root:123456@localhost:3307/xiyoudata
[2025-12-06 21:39:25,820] [INFO] [data.db_loader] Connecting database: mysql+pymysql://root:123456@localhost:3307/xiyoudata
[2025-12-06 21:39:25,920] [INFO] [data.db_loader] 第一步：获取job列表...
[2025-12-06 21:39:37,127] [INFO] [data.db_loader] 获取到 2500 个job_id
[2025-12-06 21:39:48,149] [INFO] [data.db_loader] 计算CPU百分位数...
[2025-12-06 21:40:24,685] [INFO] [data.db_loader] 计算派生特征...
[2025-12-06 21:40:24,689] [INFO] [data.db_loader] 完成特征提取，获取 2500 个job的统计信息
[2025-12-06 21:40:24,689] [INFO] [data.db_loader] 提取的特征列: ['cpu_mean', 'cpu_std', 'cpu_max', 'mem_mean', 'mem_std', 'mem_max', 'machines_count', 'task_count', 'start_time', 'end_time', 'cpu_95th', 'duration_sec', 'cpu_intensity', 'mem_intensity', 'task_density', 'cpu_cv', 'mem_cv']
[2025-12-06 21:49:43,139] [INFO] [data.db_loader] Connecting database: mysql+pymysql://root:123456@localhost:3307/xiyoudata
[2025-12-06 21:49:43,232] [INFO] [data.db_loader] 第一步：获取job列表...
[2025-12-06 21:49:53,009] [INFO] [data.db_loader] 获取到 2500 个job_id
[2025-12-06 21:50:04,079] [INFO] [data.db_loader] 计算CPU百分位数...
[2025-12-06 21:50:40,100] [INFO] [data.db_loader] 计算派生特征...
[2025-12-06 21:50:40,104] [INFO] [data.db_loader] 完成特征提取，获取 2500 个job的统计信息
[2025-12-06 21:50:40,104] [INFO] [data.db_loader] 提取的特征列: ['cpu_mean', 'cpu_std', 'cpu_max', 'mem_mean', 'mem_std', 'mem_max', 'machines_count', 'task_count', 'start_time', 'end_time', 'cpu_95th', 'duration_sec', 'cpu_intensity', 'mem_intensity', 'task_density', 'cpu_cv', 'mem_cv']
[2025-12-06 21:53:51,933] [INFO] [data.db_loader] Connecting database: mysql+pymysql://root:123456@localhost:3307/xiyoudata
[2025-12-06 21:53:52,018] [INFO] [data.db_loader] 第一步：获取job列表...
[2025-12-06 21:54:00,916] [INFO] [data.db_loader] 获取到 2500 个job_id
[2025-12-06 21:54:10,233] [INFO] [data.db_loader] 计算CPU百分位数...
[2025-12-06 21:54:43,559] [INFO] [data.db_loader] 计算派生特征...
[2025-12-06 21:54:43,563] [INFO] [data.db_loader] 完成特征提取，获取 2500 个job的统计信息
[2025-12-06 21:54:43,563] [INFO] [data.db_loader] 提取的特征列: ['cpu_mean', 'cpu_std', 'cpu_max', 'mem_mean', 'mem_std', 'mem_max', 'machines_count', 'task_count', 'start_time', 'end_time', 'cpu_95th', 'duration_sec', 'cpu_intensity', 'mem_intensity', 'task_density', 'cpu_cv', 'mem_cv']
[2025-12-06 22:00:17,709] [INFO] [data.db_loader] Connecting database: mysql+pymysql://root:123456@localhost:3307/xiyoudata
[2025-12-06 22:00:17,790] [INFO] [data.db_loader] 第一步：获取job列表...
[2025-12-06 22:00:26,576] [INFO] [data.db_loader] 获取到 2500 个job_id
[2025-12-06 22:00:36,875] [INFO] [data.db_loader] 计算CPU百分位数...
[2025-12-06 22:01:10,679] [INFO] [data.db_loader] 计算派生特征...
[2025-12-06 22:01:10,682] [INFO] [data.db_loader] 完成特征提取，获取 2500 个job的统计信息
[2025-12-06 22:01:10,682] [INFO] [data.db_loader] 提取的特征列: ['cpu_mean', 'cpu_std', 'cpu_max', 'mem_mean', 'mem_std', 'mem_max', 'machines_count', 'task_count', 'start_time', 'end_time', 'cpu_95th', 'duration_sec', 'cpu_intensity', 'mem_intensity', 'task_density', 'cpu_cv', 'mem_cv']
[2025-12-06 22:24:56,177] [INFO] [data.db_loader] Connecting database: mysql+pymysql://root:123456@localhost:3307/xiyoudata
[2025-12-06 22:24:56,339] [INFO] [data.db_loader] 第一步：获取job列表...
[2025-12-06 22:25:08,353] [INFO] [data.db_loader] 获取到 2500 个job_id
[2025-12-06 22:25:18,088] [INFO] [data.db_loader] 计算CPU百分位数...
[2025-12-06 22:25:54,422] [INFO] [data.db_loader] 计算派生特征...
[2025-12-06 22:25:54,425] [INFO] [data.db_loader] 完成特征提取，获取 2500 个job的统计信息
[2025-12-06 22:25:54,425] [INFO] [data.db_loader] 提取的特征列: ['cpu_mean', 'cpu_std', 'cpu_max', 'mem_mean', 'mem_std', 'mem_max', 'machines_count', 'task_count', 'start_time', 'end_time', 'cpu_95th', 'duration_sec', 'cpu_intensity', 'mem_intensity', 'task_density', 'cpu_cv', 'mem_cv']
[2025-12-06 22:34:42,215] [INFO] [data.db_loader] Connecting database: mysql+pymysql://root:123456@localhost:3307/xiyoudata
[2025-12-06 22:34:42,355] [INFO] [data.db_loader] 第一步：获取job列表...
[2025-12-06 22:34:51,896] [INFO] [data.db_loader] 获取到 2500 个job_id
[2025-12-06 22:35:04,377] [INFO] [data.db_loader] 计算CPU百分位数...
[2025-12-06 22:35:48,627] [INFO] [data.db_loader] 计算派生特征...
[2025-12-06 22:35:48,632] [INFO] [data.db_loader] 完成特征提取，获取 2500 个job的统计信息
[2025-12-06 22:35:48,632] [INFO] [data.db_loader] 提取的特征列: ['cpu_mean', 'cpu_std', 'cpu_max', 'mem_mean', 'mem_std', 'mem_max', 'machines_count', 'task_count', 'start_time', 'end_time', 'cpu_95th', 'duration_sec', 'cpu_intensity', 'mem_intensity', 'task_density', 'cpu_cv', 'mem_cv']
[2025-12-06 22:49:35,271] [INFO] [data.db_loader] Connecting database: mysql+pymysql://root:123456@localhost:3307/xiyoudata
[2025-12-06 22:49:35,403] [INFO] [data.db_loader] 第一步：获取job列表...
[2025-12-06 22:49:51,077] [INFO] [data.db_loader] 获取到 2500 个job_id
[2025-12-06 22:50:03,417] [INFO] [data.db_loader] 计算CPU百分位数...
[2025-12-06 22:50:45,123] [INFO] [data.db_loader] 计算派生特征...
[2025-12-06 22:50:45,126] [INFO] [data.db_loader] 完成特征提取，获取 2500 个job的统计信息
[2025-12-06 22:50:45,127] [INFO] [data.db_loader] 提取的特征列: ['cpu_mean', 'cpu_std', 'cpu_max', 'mem_mean', 'mem_std', 'mem_max', 'machines_count', 'task_count', 'start_time', 'end_time', 'cpu_95th', 'duration_sec', 'cpu_intensity', 'mem_intensity', 'task_density', 'cpu_cv', 'mem_cv']
[2025-12-06 22:54:54,293] [INFO] [data.db_loader] Connecting database: mysql+pymysql://root:123456@localhost:3307/xiyoudata
[2025-12-06 22:54:54,376] [INFO] [data.db_loader] 第一步：获取job列表...
[2025-12-06 22:55:02,677] [INFO] [data.db_loader] 获取到 2500 个job_id
[2025-12-06 22:55:11,952] [INFO] [data.db_loader] 计算CPU百分位数...
[2025-12-06 22:55:45,156] [INFO] [data.db_loader] 计算派生特征...
[2025-12-06 22:55:45,159] [INFO] [data.db_loader] 完成特征提取，获取 2500 个job的统计信息
[2025-12-06 22:55:45,160] [INFO] [data.db_loader] 提取的特征列: ['cpu_mean', 'cpu_std', 'cpu_max', 'mem_mean', 'mem_std', 'mem_max', 'machines_count', 'task_count', 'start_time', 'end_time', 'cpu_95th', 'duration_sec', 'cpu_intensity', 'mem_intensity', 'task_density', 'cpu_cv', 'mem_cv']
[2025-12-06 23:02:51,761] [INFO] [data.db_loader] Connecting database: mysql+pymysql://root:123456@localhost:3307/xiyoudata
[2025-12-06 23:02:51,846] [INFO] [data.db_loader] 第一步：获取job列表...
[2025-12-06 23:03:01,087] [INFO] [data.db_loader] 获取到 2500 个job_id
[2025-12-06 23:03:11,498] [INFO] [data.db_loader] 计算CPU百分位数...
[2025-12-06 23:03:45,611] [INFO] [data.db_loader] 计算派生特征...
[2025-12-06 23:03:45,614] [INFO] [data.db_loader] 完成特征提取，获取 2500 个job的统计信息
[2025-12-06 23:03:45,614] [INFO] [data.db_loader] 提取的特征列: ['cpu_mean', 'cpu_std', 'cpu_max', 'mem_mean', 'mem_std', 'mem_max', 'machines_count', 'task_count', 'start_time', 'end_time', 'cpu_95th', 'duration_sec', 'cpu_intensity', 'mem_intensity', 'task_density', 'cpu_cv', 'mem_cv']
[2025-12-06 23:06:48,250] [INFO] [data.db_loader] Connecting database: mysql+pymysql://root:123456@localhost:3307/xiyoudata
[2025-12-06 23:06:48,334] [INFO] [data.db_loader] 第一步：获取job列表...
[2025-12-06 23:06:57,295] [INFO] [data.db_loader] 获取到 2500 个job_id
[2025-12-06 23:07:08,069] [INFO] [data.db_loader] 计算CPU百分位数...
[2025-12-06 23:07:44,557] [INFO] [data.db_loader] 计算派生特征...
[2025-12-06 23:07:44,560] [INFO] [data.db_loader] 完成特征提取，获取 2500 个job的统计信息
[2025-12-06 23:07:44,560] [INFO] [data.db_loader] 提取的特征列: ['cpu_mean', 'cpu_std', 'cpu_max', 'mem_mean', 'mem_std', 'mem_max', 'machines_count', 'task_count', 'start_time', 'end_time', 'cpu_95th', 'duration_sec', 'cpu_intensity', 'mem_intensity', 'task_density', 'cpu_cv', 'mem_cv']
[2025-12-06 23:12:06,647] [INFO] [data.db_loader] Connecting database: mysql+pymysql://root:123456@localhost:3307/xiyoudata
[2025-12-06 23:12:06,732] [INFO] [data.db_loader] 第一步：获取job列表...
[2025-12-06 23:12:15,499] [INFO] [data.db_loader] 获取到 2500 个job_id
[2025-12-06 23:12:25,364] [INFO] [data.db_loader] 计算CPU百分位数...
[2025-12-06 23:12:58,302] [INFO] [data.db_loader] 计算派生特征...
[2025-12-06 23:12:58,306] [INFO] [data.db_loader] 完成特征提取，获取 2500 个job的统计信息
[2025-12-06 23:12:58,306] [INFO] [data.db_loader] 提取的特征列: ['cpu_mean', 'cpu_std', 'cpu_max', 'mem_mean', 'mem_std', 'mem_max', 'machines_count', 'task_count', 'start_time', 'end_time', 'cpu_95th', 'duration_sec', 'cpu_intensity', 'mem_intensity', 'task_density', 'cpu_cv', 'mem_cv']
[2025-12-06 23:15:47,471] [INFO] [data.db_loader] Connecting database: mysql+pymysql://root:123456@localhost:3307/xiyoudata
[2025-12-06 23:15:47,592] [INFO] [data.db_loader] 第一步：获取job列表...
[2025-12-06 23:15:57,337] [INFO] [data.db_loader] 获取到 2500 个job_id
[2025-12-06 23:16:08,934] [INFO] [data.db_loader] 计算CPU百分位数...
[2025-12-06 23:16:45,377] [INFO] [data.db_loader] 计算派生特征...
[2025-12-06 23:16:45,380] [INFO] [data.db_loader] 完成特征提取，获取 2500 个job的统计信息
[2025-12-06 23:16:45,380] [INFO] [data.db_loader] 提取的特征列: ['cpu_mean', 'cpu_std', 'cpu_max', 'mem_mean', 'mem_std', 'mem_max', 'machines_count', 'task_count', 'start_time', 'end_time', 'cpu_95th', 'duration_sec', 'cpu_intensity', 'mem_intensity', 'task_density', 'cpu_cv', 'mem_cv']
[2025-12-06 23:22:59,376] [INFO] [data.db_loader] Connecting database: mysql+pymysql://root:123456@localhost:3307/xiyoudata
[2025-12-06 23:22:59,466] [INFO] [data.db_loader] 第一步：获取job列表...
[2025-12-06 23:23:08,441] [INFO] [data.db_loader] 获取到 2500 个job_id
[2025-12-06 23:23:18,931] [INFO] [data.db_loader] 计算CPU百分位数...
[2025-12-06 23:23:54,465] [INFO] [data.db_loader] 计算派生特征...
[2025-12-06 23:23:54,468] [INFO] [data.db_loader] 完成特征提取，获取 2500 个job的统计信息
[2025-12-06 23:23:54,468] [INFO] [data.db_loader] 提取的特征列: ['cpu_mean', 'cpu_std', 'cpu_max', 'mem_mean', 'mem_std', 'mem_max', 'machines_count', 'task_count', 'start_time', 'end_time', 'cpu_95th', 'duration_sec', 'cpu_intensity', 'mem_intensity', 'task_density', 'cpu_cv', 'mem_cv']
[2025-12-06 23:28:31,820] [INFO] [data.db_loader] Connecting database: mysql+pymysql://root:123456@localhost:3307/xiyoudata
[2025-12-06 23:28:31,905] [INFO] [data.db_loader] 第一步：获取job列表...
[2025-12-06 23:28:40,143] [INFO] [data.db_loader] 获取到 2500 个job_id
[2025-12-06 23:28:49,324] [INFO] [data.db_loader] 计算CPU百分位数...
[2025-12-06 23:29:22,456] [INFO] [data.db_loader] 计算派生特征...
[2025-12-06 23:29:22,461] [INFO] [data.db_loader] 完成特征提取，获取 2500 个job的统计信息
[2025-12-06 23:29:22,461] [INFO] [data.db_loader] 提取的特征列: ['cpu_mean', 'cpu_std', 'cpu_max', 'mem_mean', 'mem_std', 'mem_max', 'machines_count', 'task_count', 'start_time', 'end_time', 'cpu_95th', 'duration_sec', 'cpu_intensity', 'mem_intensity', 'task_density', 'cpu_cv', 'mem_cv']
[2025-12-06 23:35:57,421] [INFO] [data.db_loader] Connecting database: mysql+pymysql://root:123456@localhost:3307/xiyoudata
[2025-12-06 23:35:57,510] [INFO] [data.db_loader] 第一步：获取job列表...
[2025-12-06 23:36:06,083] [INFO] [data.db_loader] 获取到 2500 个job_id
[2025-12-06 23:36:15,972] [INFO] [data.db_loader] 计算CPU百分位数...
[2025-12-06 23:36:49,669] [INFO] [data.db_loader] 计算派生特征...
[2025-12-06 23:36:49,672] [INFO] [data.db_loader] 完成特征提取，获取 2500 个job的统计信息
[2025-12-06 23:36:49,672] [INFO] [data.db_loader] 提取的特征列: ['cpu_mean', 'cpu_std', 'cpu_max', 'mem_mean', 'mem_std', 'mem_max', 'machines_count', 'task_count', 'start_time', 'end_time', 'cpu_95th', 'duration_sec', 'cpu_intensity', 'mem_intensity', 'task_density', 'cpu_cv', 'mem_cv']
[2025-12-06 23:41:50,420] [INFO] [data.db_loader] Connecting database: mysql+pymysql://root:123456@localhost:3307/xiyoudata
[2025-12-06 23:41:50,507] [INFO] [data.db_loader] 第一步：获取job列表...
[2025-12-06 23:41:58,588] [INFO] [data.db_loader] 获取到 2500 个job_id
[2025-12-06 23:42:07,746] [INFO] [data.db_loader] 计算CPU百分位数...
[2025-12-06 23:42:41,699] [INFO] [data.db_loader] 计算派生特征...
[2025-12-06 23:42:41,702] [INFO] [data.db_loader] 完成特征提取，获取 2500 个job的统计信息
[2025-12-06 23:42:41,702] [INFO] [data.db_loader] 提取的特征列: ['cpu_mean', 'cpu_std', 'cpu_max', 'mem_mean', 'mem_std', 'mem_max', 'machines_count', 'task_count', 'start_time', 'end_time', 'cpu_95th', 'duration_sec', 'cpu_intensity', 'mem_intensity', 'task_density', 'cpu_cv', 'mem_cv']
[2025-12-06 23:44:19,313] [INFO] [data.db_loader] Connecting database: mysql+pymysql://root:123456@localhost:3307/xiyoudata
[2025-12-06 23:44:19,397] [INFO] [data.db_loader] 第一步：获取job列表...
[2025-12-06 23:44:27,871] [INFO] [data.db_loader] 获取到 2500 个job_id
[2025-12-06 23:44:37,407] [INFO] [data.db_loader] 计算CPU百分位数...
[2025-12-06 23:45:10,053] [INFO] [data.db_loader] 计算派生特征...
[2025-12-06 23:45:10,056] [INFO] [data.db_loader] 完成特征提取，获取 2500 个job的统计信息
[2025-12-06 23:45:10,056] [INFO] [data.db_loader] 提取的特征列: ['cpu_mean', 'cpu_std', 'cpu_max', 'mem_mean', 'mem_std', 'mem_max', 'machines_count', 'task_count', 'start_time', 'end_time', 'cpu_95th', 'duration_sec', 'cpu_intensity', 'mem_intensity', 'task_density', 'cpu_cv', 'mem_cv']
[2025-12-07 09:14:35,718] [INFO] [data.db_loader] Connecting database: mysql+pymysql://root:123456@localhost:3307/xiyoudata
[2025-12-07 09:14:35,849] [INFO] [data.db_loader] 第一步：获取job列表...
[2025-12-07 09:14:50,459] [INFO] [data.db_loader] 获取到 2500 个job_id
[2025-12-07 09:15:02,099] [INFO] [data.db_loader] 计算CPU百分位数...
[2025-12-07 09:15:38,608] [INFO] [data.db_loader] 计算派生特征...
[2025-12-07 09:15:38,612] [INFO] [data.db_loader] 完成特征提取，获取 2500 个job的统计信息
[2025-12-07 09:15:38,612] [INFO] [data.db_loader] 提取的特征列: ['cpu_mean', 'cpu_std', 'cpu_max', 'mem_mean', 'mem_std', 'mem_max', 'machines_count', 'task_count', 'start_time', 'end_time', 'cpu_95th', 'duration_sec', 'cpu_intensity', 'mem_intensity', 'task_density', 'cpu_cv', 'mem_cv']
[2025-12-07 09:20:48,951] [INFO] [data.db_loader] Connecting database: mysql+pymysql://root:123456@localhost:3307/xiyoudata
[2025-12-07 09:20:49,033] [INFO] [data.db_loader] 第一步：获取job列表...
[2025-12-07 09:20:57,394] [INFO] [data.db_loader] 获取到 2500 个job_id
[2025-12-07 09:21:07,063] [INFO] [data.db_loader] 计算CPU百分位数...
[2025-12-07 09:21:41,742] [INFO] [data.db_loader] 计算派生特征...
[2025-12-07 09:21:41,749] [INFO] [data.db_loader] 完成特征提取，获取 2500 个job的统计信息
[2025-12-07 09:21:41,749] [INFO] [data.db_loader] 提取的特征列: ['cpu_mean', 'cpu_std', 'cpu_max', 'mem_mean', 'mem_std', 'mem_max', 'machines_count', 'task_count', 'start_time', 'end_time', 'cpu_95th', 'duration_sec', 'cpu_intensity', 'mem_intensity', 'task_density', 'cpu_cv', 'mem_cv']
[2025-12-07 09:25:59,992] [INFO] [data.db_loader] Connecting database: mysql+pymysql://root:123456@localhost:3307/xiyoudata
[2025-12-07 09:26:00,077] [INFO] [data.db_loader] 第一步：获取job列表...
[2025-12-07 09:26:08,532] [INFO] [data.db_loader] 获取到 2500 个job_id
[2025-12-07 09:26:18,888] [INFO] [data.db_loader] 计算CPU百分位数...
[2025-12-07 09:26:52,736] [INFO] [data.db_loader] 计算派生特征...
[2025-12-07 09:26:52,741] [INFO] [data.db_loader] 完成特征提取，获取 2500 个job的统计信息
[2025-12-07 09:26:52,741] [INFO] [data.db_loader] 提取的特征列: ['cpu_mean', 'cpu_std', 'cpu_max', 'mem_mean', 'mem_std', 'mem_max', 'machines_count', 'task_count', 'start_time', 'end_time', 'cpu_95th', 'duration_sec', 'cpu_intensity', 'mem_intensity', 'task_density', 'cpu_cv', 'mem_cv']
[2025-12-07 11:54:41,654] [INFO] [data.db_loader] Connecting database: mysql+pymysql://root:123456@localhost:3307/xiyoudata
[2025-12-07 11:54:41,779] [INFO] [data.db_loader] 第一步：获取job列表...
[2025-12-07 11:54:55,173] [INFO] [data.db_loader] 获取到 2500 个job_id
[2025-12-07 11:55:05,722] [INFO] [data.db_loader] 计算CPU百分位数...
[2025-12-07 11:55:42,879] [INFO] [data.db_loader] 计算派生特征...
[2025-12-07 11:55:42,885] [INFO] [data.db_loader] 完成特征提取，获取 2500 个job的统计信息
[2025-12-07 11:55:42,885] [INFO] [data.db_loader] 提取的特征列: ['cpu_mean', 'cpu_std', 'cpu_max', 'mem_mean', 'mem_std', 'mem_max', 'machines_count', 'task_count', 'start_time', 'end_time', 'cpu_95th', 'duration_sec', 'cpu_intensity', 'mem_intensity', 'task_density', 'cpu_cv', 'mem_cv']
[2025-12-07 13:07:02,467] [INFO] [data.db_loader] Connecting database: mysql+pymysql://root:123456@localhost:3307/xiyoudata
[2025-12-07 13:07:02,947] [INFO] [data.db_loader] 第一步：获取job列表...
[2025-12-07 13:09:40,023] [INFO] [data.db_loader] 获取到 2500 个job_id
[2025-12-07 13:09:50,693] [INFO] [data.db_loader] 计算CPU百分位数...
[2025-12-07 13:13:38,450] [INFO] [data.db_loader] 计算派生特征...
[2025-12-07 13:13:38,461] [INFO] [data.db_loader] 完成特征提取，获取 2500 个job的统计信息
[2025-12-07 13:13:38,461] [INFO] [data.db_loader] 提取的特征列: ['cpu_mean', 'cpu_std', 'cpu_max', 'mem_mean', 'mem_std', 'mem_max', 'machines_count', 'task_count', 'start_time', 'end_time', 'cpu_95th', 'duration_sec', 'cpu_intensity', 'mem_intensity', 'task_density', 'cpu_cv', 'mem_cv']
[2025-12-07 13:39:48,748] [INFO] [data.db_loader] Connecting database: mysql+pymysql://root:123456@localhost:3307/xiyoudata
[2025-12-07 13:39:48,899] [INFO] [data.db_loader] 第一步：获取job列表...
[2025-12-07 13:51:34,593] [INFO] [data.db_loader] Connecting database: mysql+pymysql://root:123456@localhost:3307/xiyoudata
[2025-12-07 13:51:34,692] [INFO] [data.db_loader] 第一步：获取job列表...
[2025-12-07 13:51:44,653] [INFO] [data.db_loader] 获取到 2500 个job_id
[2025-12-07 13:51:54,275] [INFO] [data.db_loader] 计算CPU百分位数...
[2025-12-07 13:52:32,781] [INFO] [data.db_loader] 计算派生特征...
[2025-12-07 13:52:32,788] [INFO] [data.db_loader] 完成特征提取，获取 2500 个job的统计信息
[2025-12-07 13:52:32,788] [INFO] [data.db_loader] 提取的特征列: ['cpu_mean', 'cpu_std', 'cpu_max', 'mem_mean', 'mem_std', 'mem_max', 'machines_count', 'task_count', 'start_time', 'end_time', 'cpu_95th', 'duration_sec', 'cpu_intensity', 'mem_intensity', 'task_density', 'cpu_cv', 'mem_cv']
[2025-12-07 14:04:09,403] [INFO] [data.db_loader] Connecting database: mysql+pymysql://root:123456@localhost:3307/xiyoudata
[2025-12-07 14:04:09,507] [INFO] [data.db_loader] 第一步：获取job列表...
[2025-12-07 14:04:19,070] [INFO] [data.db_loader] 获取到 2500 个job_id
[2025-12-07 14:04:29,729] [INFO] [data.db_loader] 计算CPU百分位数...
[2025-12-07 14:05:03,412] [INFO] [data.db_loader] 计算派生特征...
[2025-12-07 14:05:03,415] [INFO] [data.db_loader] 完成特征提取，获取 2500 个job的统计信息
[2025-12-07 14:05:03,415] [INFO] [data.db_loader] 提取的特征列: ['cpu_mean', 'cpu_std', 'cpu_max', 'mem_mean', 'mem_std', 'mem_max', 'machines_count', 'task_count', 'start_time', 'end_time', 'cpu_95th', 'duration_sec', 'cpu_intensity', 'mem_intensity', 'task_density', 'cpu_cv', 'mem_cv']
[2025-12-07 14:11:06,280] [INFO] [data.db_loader] Connecting database: mysql+pymysql://root:123456@localhost:3307/xiyoudata
[2025-12-07 14:11:06,367] [INFO] [data.db_loader] 第一步：获取job列表...
[2025-12-07 14:11:14,757] [INFO] [data.db_loader] 获取到 2500 个job_id
[2025-12-07 14:11:24,361] [INFO] [data.db_loader] 计算CPU百分位数...
[2025-12-07 14:12:00,056] [INFO] [data.db_loader] 计算派生特征...
[2025-12-07 14:12:00,060] [INFO] [data.db_loader] 完成特征提取，获取 2500 个job的统计信息
[2025-12-07 14:12:00,060] [INFO] [data.db_loader] 提取的特征列: ['cpu_mean', 'cpu_std', 'cpu_max', 'mem_mean', 'mem_std', 'mem_max', 'machines_count', 'task_count', 'start_time', 'end_time', 'cpu_95th', 'duration_sec', 'cpu_intensity', 'mem_intensity', 'task_density', 'cpu_cv', 'mem_cv']
[2025-12-07 14:20:56,388] [INFO] [data.db_loader] Connecting database: mysql+pymysql://root:123456@localhost:3307/xiyoudata
[2025-12-07 14:20:56,536] [INFO] [data.db_loader] 第一步：获取job列表...
[2025-12-07 14:21:05,651] [INFO] [data.db_loader] 获取到 2500 个job_id
[2025-12-07 14:21:16,608] [INFO] [data.db_loader] 计算CPU百分位数...
[2025-12-07 14:22:37,437] [INFO] [data.db_loader] 计算派生特征...
[2025-12-07 14:22:37,450] [INFO] [data.db_loader] 完成特征提取，获取 2500 个job的统计信息
[2025-12-07 14:22:37,450] [INFO] [data.db_loader] 提取的特征列: ['cpu_mean', 'cpu_std', 'cpu_max', 'mem_mean', 'mem_std', 'mem_max', 'machines_count', 'task_count', 'start_time', 'end_time', 'cpu_95th', 'duration_sec', 'cpu_intensity', 'mem_intensity', 'task_density', 'cpu_cv', 'mem_cv']
[2025-12-07 14:28:58,854] [INFO] [data.db_loader] Connecting database: mysql+pymysql://root:123456@localhost:3307/xiyoudata
[2025-12-07 14:29:03,738] [INFO] [data.db_loader] 第一步：获取job列表...
[2025-12-07 14:29:12,118] [INFO] [data.db_loader] 获取到 2500 个job_id
[2025-12-07 14:29:22,219] [INFO] [data.db_loader] 计算CPU百分位数...
[2025-12-07 14:30:51,627] [INFO] [data.db_loader] 计算派生特征...
[2025-12-07 14:30:51,639] [INFO] [data.db_loader] 完成特征提取，获取 2500 个job的统计信息
[2025-12-07 14:30:51,639] [INFO] [data.db_loader] 提取的特征列: ['cpu_mean', 'cpu_std', 'cpu_max', 'mem_mean', 'mem_std', 'mem_max', 'machines_count', 'task_count', 'start_time', 'end_time', 'cpu_95th', 'duration_sec', 'cpu_intensity', 'mem_intensity', 'task_density', 'cpu_cv', 'mem_cv']
[2025-12-07 16:04:08,183] [INFO] [data.db_loader] Connecting database: mysql+pymysql://root:123456@localhost:3307/xiyoudata
[2025-12-07 16:04:08,314] [INFO] [data.db_loader] 第一步：获取job列表...
[2025-12-07 16:04:26,215] [INFO] [data.db_loader] 获取到 2500 个job_id
[2025-12-07 16:04:44,546] [INFO] [data.db_loader] 计算CPU百分位数...
[2025-12-07 16:05:27,933] [INFO] [data.db_loader] 计算派生特征...
[2025-12-07 16:05:27,937] [INFO] [data.db_loader] 完成特征提取，获取 2500 个job的统计信息
[2025-12-07 16:05:27,937] [INFO] [data.db_loader] 提取的特征列: ['cpu_mean', 'cpu_std', 'cpu_max', 'mem_mean', 'mem_std', 'mem_max', 'machines_count', 'task_count', 'start_time', 'end_time', 'cpu_95th', 'duration_sec', 'cpu_intensity', 'mem_intensity', 'task_density', 'cpu_cv', 'mem_cv']
[2025-12-07 16:50:11,872] [INFO] [data.db_loader] Connecting database: mysql+pymysql://root:123456@localhost:3307/xiyoudata
[2025-12-07 16:50:11,979] [INFO] [data.db_loader] 第一步：获取job列表...
[2025-12-07 16:50:25,714] [INFO] [data.db_loader] 获取到 2500 个job_id
[2025-12-07 16:50:37,283] [INFO] [data.db_loader] 计算CPU百分位数...
[2025-12-07 16:51:13,437] [INFO] [data.db_loader] 计算派生特征...
[2025-12-07 16:51:13,441] [INFO] [data.db_loader] 完成特征提取，获取 2500 个job的统计信息
[2025-12-07 16:51:13,441] [INFO] [data.db_loader] 提取的特征列: ['cpu_mean', 'cpu_std', 'cpu_max', 'mem_mean', 'mem_std', 'mem_max', 'machines_count', 'task_count', 'start_time', 'end_time', 'cpu_95th', 'duration_sec', 'cpu_intensity', 'mem_intensity', 'task_density', 'cpu_cv', 'mem_cv']
[2025-12-07 17:07:17,581] [INFO] [data.db_loader] Connecting database: mysql+pymysql://root:123456@localhost:3307/xiyoudata
[2025-12-07 17:07:17,672] [INFO] [data.db_loader] 第一步：获取job列表...
[2025-12-07 17:07:26,178] [INFO] [data.db_loader] 获取到 2500 个job_id
[2025-12-07 17:07:36,113] [INFO] [data.db_loader] 计算CPU百分位数...
[2025-12-07 17:08:10,001] [INFO] [data.db_loader] 计算派生特征...
[2025-12-07 17:08:10,005] [INFO] [data.db_loader] 完成特征提取，获取 2500 个job的统计信息
[2025-12-07 17:08:10,005] [INFO] [data.db_loader] 提取的特征列: ['cpu_mean', 'cpu_std', 'cpu_max', 'mem_mean', 'mem_std', 'mem_max', 'machines_count', 'task_count', 'start_time', 'end_time', 'cpu_95th', 'duration_sec', 'cpu_intensity', 'mem_intensity', 'task_density', 'cpu_cv', 'mem_cv']
[2025-12-07 17:10:52,204] [INFO] [data.db_loader] Connecting database: mysql+pymysql://root:123456@localhost:3307/xiyoudata
[2025-12-07 17:10:52,312] [INFO] [data.db_loader] 第一步：获取job列表...
[2025-12-07 17:11:08,364] [INFO] [data.db_loader] 获取到 2500 个job_id
[2025-12-07 17:11:36,344] [INFO] [data.db_loader] 计算CPU百分位数...
[2025-12-07 17:13:53,736] [INFO] [data.db_loader] Connecting database: mysql+pymysql://root:123456@localhost:3307/xiyoudata
[2025-12-07 17:13:54,056] [INFO] [data.db_loader] 第一步：获取job列表...
[2025-12-07 17:14:08,901] [INFO] [data.db_loader] 获取到 2500 个job_id
[2025-12-07 17:14:26,130] [INFO] [data.db_loader] 计算CPU百分位数...
[2025-12-07 17:15:46,280] [INFO] [data.db_loader] 计算派生特征...
[2025-12-07 17:15:46,287] [INFO] [data.db_loader] 完成特征提取，获取 2500 个job的统计信息
[2025-12-07 17:15:46,287] [INFO] [data.db_loader] 提取的特征列: ['cpu_mean', 'cpu_std', 'cpu_max', 'mem_mean', 'mem_std', 'mem_max', 'machines_count', 'task_count', 'start_time', 'end_time', 'cpu_95th', 'duration_sec', 'cpu_intensity', 'mem_intensity', 'task_density', 'cpu_cv', 'mem_cv']
[2025-12-07 18:52:28,093] [INFO] [data.db_loader] Connecting database: mysql+pymysql://root:123456@localhost:3307/xiyoudata
[2025-12-07 18:52:28,188] [INFO] [data.db_loader] 第一步：获取job列表...
[2025-12-07 18:52:39,693] [INFO] [data.db_loader] 获取到 2500 个job_id
[2025-12-07 18:52:52,564] [INFO] [data.db_loader] 计算CPU百分位数...
[2025-12-07 18:53:31,392] [INFO] [data.db_loader] 计算派生特征...
[2025-12-07 18:53:31,396] [INFO] [data.db_loader] 完成特征提取，获取 2500 个job的统计信息
[2025-12-07 18:53:31,396] [INFO] [data.db_loader] 提取的特征列: ['cpu_mean', 'cpu_std', 'cpu_max', 'mem_mean', 'mem_std', 'mem_max', 'machines_count', 'task_count', 'start_time', 'end_time', 'cpu_95th', 'duration_sec', 'cpu_intensity', 'mem_intensity', 'task_density', 'cpu_cv', 'mem_cv']
[2025-12-08 19:34:04,954] [INFO] [data.db_loader] Connecting database: mysql+pymysql://root:123456@localhost:3307/xiyoudata
[2025-12-08 19:34:05,023] [INFO] [data.db_loader] 第一步：获取job列表...
[2025-12-08 19:34:21,531] [INFO] [data.db_loader] 获取到 2500 个job_id
[2025-12-08 19:34:34,384] [INFO] [data.db_loader] 计算CPU百分位数...
[2025-12-08 19:35:08,219] [INFO] [data.db_loader] 计算派生特征...
[2025-12-08 19:35:08,222] [INFO] [data.db_loader] 完成特征提取，获取 2500 个job的统计信息
[2025-12-08 19:35:08,222] [INFO] [data.db_loader] 提取的特征列: ['cpu_mean', 'cpu_std', 'cpu_max', 'mem_mean', 'mem_std', 'mem_max', 'machines_count', 'task_count', 'start_time', 'end_time', 'cpu_95th', 'duration_sec', 'cpu_intensity', 'mem_intensity', 'task_density', 'cpu_cv', 'mem_cv']
[2025-12-08 20:16:54,001] [INFO] [data.db_loader] Connecting database: mysql+pymysql://root:123456@localhost:3307/xiyoudata
[2025-12-08 20:16:54,142] [INFO] [data.db_loader] 第一步：获取job列表...
[2025-12-08 20:17:20,174] [INFO] [data.db_loader] 获取到 2500 个job_id
[2025-12-08 20:17:40,278] [INFO] [data.db_loader] 计算CPU百分位数...
[2025-12-08 20:18:47,739] [INFO] [data.db_loader] 计算派生特征...
[2025-12-08 20:18:47,741] [INFO] [data.db_loader] 完成特征提取，获取 2500 个job的统计信息
[2025-12-08 20:18:47,741] [INFO] [data.db_loader] 提取的特征列: ['cpu_mean', 'cpu_std', 'cpu_max', 'mem_mean', 'mem_std', 'mem_max', 'machines_count', 'task_count', 'start_time', 'end_time', 'cpu_95th', 'duration_sec', 'cpu_intensity', 'mem_intensity', 'task_density', 'cpu_cv', 'mem_cv']
